Reading netlist file: "/home/ubantu/Code/GCore/FPGA/GCore/impl/gwsynthesis/GCore.vg"
Parsing netlist file "/home/ubantu/Code/GCore/FPGA/GCore/impl/gwsynthesis/GCore.vg" completed
Processing netlist completed
Reading constraint file: "/home/ubantu/Code/GCore/FPGA/GCore/src/GCore.cst"
Physical Constraint parsed completed
Running placement......
[10%] Placement Phase 0 completed
[20%] Placement Phase 1 completed
[30%] Placement Phase 2 completed
[50%] Placement Phase 3 completed
Running routing......
[60%] Routing Phase 0 completed
[70%] Routing Phase 1 completed
[80%] Routing Phase 2 completed
[90%] Routing Phase 3 completed
Placement and routing completed
Running timing analysis......
[95%] Timing analysis completed
Bitstream generation in progress......
Bitstream generation completed
Running power analysis......
[100%] Power analysis completed
Generate file "/home/ubantu/Code/GCore/FPGA/GCore/impl/pnr/GCore.power.html" completed
Generate file "/home/ubantu/Code/GCore/FPGA/GCore/impl/pnr/GCore.pin.html" completed
Generate file "/home/ubantu/Code/GCore/FPGA/GCore/impl/pnr/GCore.rpt.html" completed
Generate file "/home/ubantu/Code/GCore/FPGA/GCore/impl/pnr/GCore.rpt.txt" completed
Generate file "/home/ubantu/Code/GCore/FPGA/GCore/impl/pnr/GCore.tr.html" completed
Tue Feb  2 22:03:01 2021

